08-05-2026 23:52:57 SGT - preprocessing - INFO - =========================================
08-05-2026 23:52:57 SGT - preprocessing - INFO -    Starting Data Preprocessing Pipeline  
08-05-2026 23:52:57 SGT - preprocessing - INFO - =========================================
08-05-2026 23:52:57 SGT - preprocessing - WARNING - Database not found at 'data/score.db'.
08-05-2026 23:52:57 SGT - preprocessing - INFO - Attempting to download raw database from https://techassessment.blob.core.windows.net/aiap-preparatory-bootcamp/score.db...
08-05-2026 23:52:57 SGT - preprocessing - INFO - Download complete!
08-05-2026 23:52:57 SGT - preprocessing - INFO - Starting data preprocessing...
08-05-2026 23:52:57 SGT - preprocessing - WARNING - Dropped 495 rows missing the target column 'final_test'.
08-05-2026 23:52:57 SGT - preprocessing - INFO - Dropping columns: ['student_id', 'bag_color', 'mode_of_transport', 'n_female', 'index']
08-05-2026 23:52:57 SGT - preprocessing - INFO - Imputed 757 missing values in 'attendance_rate' using median: 95.0
08-05-2026 23:52:57 SGT - preprocessing - INFO - Standardizing categorical representations for 'tuition'.
08-05-2026 23:52:57 SGT - preprocessing - INFO - Standardizing categorical representations for 'CCA'...
08-05-2026 23:52:57 SGT - preprocessing - INFO - Normalizing null and missing string variations to 'None'.
08-05-2026 23:52:57 SGT - preprocessing - INFO - Engineering feature: 'sleep_duration' from raw sleep/wake timestamps.
08-05-2026 23:52:57 SGT - preprocessing - INFO - Applying missing numerical value imputation strategy: 'median'
08-05-2026 23:52:57 SGT - preprocessing - INFO - Data preprocessing finished successfully.
08-05-2026 23:52:58 SGT - preprocessing - INFO - Cleaned dataset saved successfully to: data/cleaned_score.csv
08-05-2026 23:53:11 SGT - train - INFO - =========================================
08-05-2026 23:53:11 SGT - train - INFO -          Starting Model Training         
08-05-2026 23:53:11 SGT - train - INFO - =========================================
08-05-2026 23:53:11 SGT - train - INFO - No CLI overrides. Using config.json default: RandomForestRegressor
08-05-2026 23:53:11 SGT - train - INFO - Loading cleaned dataset from: data/cleaned_score.csv
08-05-2026 23:53:11 SGT - train - INFO - Dynamic categorical features detected: ['direct_admission', 'CCA', 'learning_style', 'gender', 'tuition']
08-05-2026 23:53:11 SGT - train - INFO - Dynamically instantiating RandomForestRegressor with parameters: {'n_estimators': 200, 'max_depth': 10, 'min_samples_leaf': 5, 'min_samples_split': 10, 'random_state': 42}
08-05-2026 23:53:11 SGT - train - INFO - Splitting dataset into 80% train and 20% test sets.
08-05-2026 23:53:11 SGT - train - INFO - Fitting RandomForestRegressor model pipeline on training features...
08-05-2026 23:53:13 SGT - train - INFO - Model pipeline fit completed successfully.
08-05-2026 23:53:13 SGT - train - INFO - Trained model serialized and saved to: models/student_model.pkl
08-05-2026 23:53:19 SGT - evaluation - INFO - =========================================
08-05-2026 23:53:19 SGT - evaluation - INFO -         Evaluating Model Pipeline        
08-05-2026 23:53:19 SGT - evaluation - INFO - =========================================
08-05-2026 23:53:19 SGT - evaluation - INFO - Targeting default model path from config: models/student_model.pkl
08-05-2026 23:53:19 SGT - evaluation - INFO - Isolating train (80%) and test (20%) partitions for diagnostic evaluation.
08-05-2026 23:53:19 SGT - evaluation - INFO - Successfully deserialized model from models/student_model.pkl
08-05-2026 23:53:19 SGT - evaluation - INFO - Generating predictions for comparative metrics...
08-05-2026 23:53:20 SGT - evaluation - INFO - -----------------------------------------
08-05-2026 23:53:20 SGT - evaluation - INFO -         Training vs. Testing Metrics     
08-05-2026 23:53:20 SGT - evaluation - INFO - -----------------------------------------
08-05-2026 23:53:20 SGT - evaluation - INFO -    [TRAIN] RMSE: 7.1560 marks  |  [TEST] RMSE: 7.9083 marks
08-05-2026 23:53:20 SGT - evaluation - INFO -    [TRAIN] MAE:  5.3358 marks  |  [TEST] MAE:  5.8300 marks
08-05-2026 23:53:20 SGT - evaluation - INFO -    [TRAIN] R2:   0.7383        |  [TEST] R2:   0.6778
08-05-2026 23:53:20 SGT - evaluation - INFO - -----------------------------------------
08-05-2026 23:53:20 SGT - evaluation - INFO - ✅ Model generalization appears acceptable with no immediate evidence of severe overfitting (low variance between Train and Test performance).
08-05-2026 23:53:20 SGT - evaluation - INFO -    >>> Mean Prediction Error (Residual Mean): -0.1446 marks
08-05-2026 23:53:20 SGT - evaluation - INFO - ✅ Unbiased predictions: The error distribution is centered tightly around zero.
08-05-2026 23:53:20 SGT - evaluation - INFO - =========================================
08-05-2026 23:53:20 SGT - evaluation - INFO -        Feature Importance Analysis       
08-05-2026 23:53:20 SGT - evaluation - INFO - =========================================
08-05-2026 23:53:20 SGT - evaluation - INFO - Relative influence of factors on student final score:
08-05-2026 23:53:20 SGT - evaluation - INFO -    1. number_of_siblings        :  32.67%
08-05-2026 23:53:20 SGT - evaluation - INFO -    2. hours_per_week            :  19.21%
08-05-2026 23:53:20 SGT - evaluation - INFO -    3. attendance_rate           :  15.20%
08-05-2026 23:53:20 SGT - evaluation - INFO -    4. direct_admission_Yes      :  11.34%
08-05-2026 23:53:20 SGT - evaluation - INFO -    5. CCA_None                  :   6.45%
08-05-2026 23:53:20 SGT - evaluation - INFO -    6. learning_style_Visual     :   5.07%
08-05-2026 23:53:20 SGT - evaluation - INFO -    7. tuition_Yes               :   4.95%
08-05-2026 23:53:20 SGT - evaluation - INFO -    8. n_male                    :   3.86%
08-05-2026 23:53:20 SGT - evaluation - INFO -    9. gender_Male               :   0.38%
08-05-2026 23:53:20 SGT - evaluation - INFO -    10. age                       :   0.36%
08-05-2026 23:53:20 SGT - evaluation - INFO -    11. CCA_Clubs                 :   0.26%
08-05-2026 23:53:20 SGT - evaluation - INFO -    12. CCA_Sports                :   0.18%
08-05-2026 23:53:20 SGT - evaluation - INFO -    13. sleep_duration            :   0.08%
08-05-2026 23:53:49 SGT - preprocessing - INFO - =========================================
08-05-2026 23:53:49 SGT - preprocessing - INFO -    Starting Data Preprocessing Pipeline  
08-05-2026 23:53:49 SGT - preprocessing - INFO - =========================================
08-05-2026 23:53:49 SGT - preprocessing - INFO - Starting data preprocessing...
08-05-2026 23:53:49 SGT - preprocessing - WARNING - Dropped 495 rows missing the target column 'final_test'.
08-05-2026 23:53:49 SGT - preprocessing - INFO - Dropping columns: ['student_id', 'bag_color', 'mode_of_transport', 'n_female', 'index']
08-05-2026 23:53:49 SGT - preprocessing - INFO - Imputed 757 missing values in 'attendance_rate' using median: 95.0
08-05-2026 23:53:49 SGT - preprocessing - INFO - Standardizing categorical representations for 'tuition'.
08-05-2026 23:53:49 SGT - preprocessing - INFO - Standardizing categorical representations for 'CCA'...
08-05-2026 23:53:49 SGT - preprocessing - INFO - Normalizing null and missing string variations to 'None'.
08-05-2026 23:53:49 SGT - preprocessing - INFO - Engineering feature: 'sleep_duration' from raw sleep/wake timestamps.
08-05-2026 23:53:50 SGT - preprocessing - INFO - Applying missing numerical value imputation strategy: 'median'
08-05-2026 23:53:50 SGT - preprocessing - INFO - Data preprocessing finished successfully.
08-05-2026 23:53:50 SGT - preprocessing - INFO - Cleaned dataset saved successfully to: data/cleaned_score.csv
08-05-2026 23:53:59 SGT - train - INFO - =========================================
08-05-2026 23:53:59 SGT - train - INFO -          Starting Model Training         
08-05-2026 23:53:59 SGT - train - INFO - =========================================
08-05-2026 23:53:59 SGT - train - INFO - Resolved command-line alias 'lr' to 'LinearRegression'.
08-05-2026 23:53:59 SGT - train - WARNING - CLI Override detected for a new model type. Using default params: {}
08-05-2026 23:53:59 SGT - train - INFO - Loading cleaned dataset from: data/cleaned_score.csv
08-05-2026 23:53:59 SGT - train - INFO - Dynamic categorical features detected: ['direct_admission', 'CCA', 'learning_style', 'gender', 'tuition']
08-05-2026 23:53:59 SGT - train - INFO - Dynamically instantiating LinearRegression with parameters: {}
08-05-2026 23:53:59 SGT - train - INFO - Splitting dataset into 80% train and 20% test sets.
08-05-2026 23:53:59 SGT - train - INFO - Fitting LinearRegression model pipeline on training features...
08-05-2026 23:53:59 SGT - train - INFO - Model pipeline fit completed successfully.
08-05-2026 23:53:59 SGT - train - INFO - Trained model serialized and saved to: models/linearregression_model.pkl
08-05-2026 23:54:06 SGT - evaluation - INFO - =========================================
08-05-2026 23:54:06 SGT - evaluation - INFO -         Evaluating Model Pipeline        
08-05-2026 23:54:06 SGT - evaluation - INFO - =========================================
08-05-2026 23:54:06 SGT - evaluation - INFO - Resolved evaluation alias 'lr' to 'LinearRegression'.
08-05-2026 23:54:06 SGT - evaluation - INFO - Targeting custom CLI model: models/linearregression_model.pkl
08-05-2026 23:54:06 SGT - evaluation - INFO - Isolating train (80%) and test (20%) partitions for diagnostic evaluation.
08-05-2026 23:54:06 SGT - evaluation - INFO - Successfully deserialized model from models/linearregression_model.pkl
08-05-2026 23:54:06 SGT - evaluation - INFO - Generating predictions for comparative metrics...
08-05-2026 23:54:06 SGT - evaluation - INFO - -----------------------------------------
08-05-2026 23:54:06 SGT - evaluation - INFO -         Training vs. Testing Metrics     
08-05-2026 23:54:06 SGT - evaluation - INFO - -----------------------------------------
08-05-2026 23:54:06 SGT - evaluation - INFO -    [TRAIN] RMSE: 10.2046 marks  |  [TEST] RMSE: 10.0943 marks
08-05-2026 23:54:06 SGT - evaluation - INFO -    [TRAIN] MAE:  8.1453 marks  |  [TEST] MAE:  8.0861 marks
08-05-2026 23:54:06 SGT - evaluation - INFO -    [TRAIN] R2:   0.4678        |  [TEST] R2:   0.4751
08-05-2026 23:54:06 SGT - evaluation - INFO - -----------------------------------------
08-05-2026 23:54:06 SGT - evaluation - INFO - ✅ Model generalization appears acceptable with no immediate evidence of severe overfitting (low variance between Train and Test performance).
08-05-2026 23:54:06 SGT - evaluation - INFO -    >>> Mean Prediction Error (Residual Mean): 0.0159 marks
08-05-2026 23:54:06 SGT - evaluation - INFO - ✅ Unbiased predictions: The error distribution is centered tightly around zero.
08-05-2026 23:54:06 SGT - evaluation - INFO - =========================================
08-05-2026 23:54:06 SGT - evaluation - INFO -        Feature Importance Analysis       
08-05-2026 23:54:06 SGT - evaluation - INFO - =========================================
08-05-2026 23:54:06 SGT - evaluation - WARNING - The model 'LinearRegression' does not natively support feature importances.
08-05-2026 23:54:11 SGT - preprocessing - INFO - =========================================
08-05-2026 23:54:11 SGT - preprocessing - INFO -    Starting Data Preprocessing Pipeline  
08-05-2026 23:54:11 SGT - preprocessing - INFO - =========================================
08-05-2026 23:54:11 SGT - preprocessing - INFO - Starting data preprocessing...
08-05-2026 23:54:11 SGT - preprocessing - WARNING - Dropped 495 rows missing the target column 'final_test'.
08-05-2026 23:54:11 SGT - preprocessing - INFO - Dropping columns: ['student_id', 'bag_color', 'mode_of_transport', 'n_female', 'index']
08-05-2026 23:54:11 SGT - preprocessing - INFO - Imputed 757 missing values in 'attendance_rate' using median: 95.0
08-05-2026 23:54:11 SGT - preprocessing - INFO - Standardizing categorical representations for 'tuition'.
08-05-2026 23:54:11 SGT - preprocessing - INFO - Standardizing categorical representations for 'CCA'...
08-05-2026 23:54:11 SGT - preprocessing - INFO - Normalizing null and missing string variations to 'None'.
08-05-2026 23:54:11 SGT - preprocessing - INFO - Engineering feature: 'sleep_duration' from raw sleep/wake timestamps.
08-05-2026 23:54:11 SGT - preprocessing - INFO - Applying missing numerical value imputation strategy: 'median'
08-05-2026 23:54:11 SGT - preprocessing - INFO - Data preprocessing finished successfully.
08-05-2026 23:54:11 SGT - preprocessing - INFO - Cleaned dataset saved successfully to: data/cleaned_score.csv
08-05-2026 23:54:20 SGT - train - INFO - =========================================
08-05-2026 23:54:20 SGT - train - INFO -          Starting Model Training         
08-05-2026 23:54:20 SGT - train - INFO - =========================================
08-05-2026 23:54:20 SGT - train - INFO - Resolved command-line alias 'gbr' to 'GradientBoostingRegressor'.
08-05-2026 23:54:20 SGT - train - WARNING - CLI Override detected for a new model type. Using default params: {'random_state': 42}
08-05-2026 23:54:20 SGT - train - INFO - Loading cleaned dataset from: data/cleaned_score.csv
08-05-2026 23:54:20 SGT - train - INFO - Dynamic categorical features detected: ['direct_admission', 'CCA', 'learning_style', 'gender', 'tuition']
08-05-2026 23:54:20 SGT - train - INFO - Dynamically instantiating GradientBoostingRegressor with parameters: {'random_state': 42}
08-05-2026 23:54:20 SGT - train - INFO - Splitting dataset into 80% train and 20% test sets.
08-05-2026 23:54:20 SGT - train - INFO - Fitting GradientBoostingRegressor model pipeline on training features...
08-05-2026 23:54:20 SGT - train - INFO - Model pipeline fit completed successfully.
08-05-2026 23:54:20 SGT - train - INFO - Trained model serialized and saved to: models/gradientboostingregressor_model.pkl
08-05-2026 23:54:30 SGT - evaluation - INFO - =========================================
08-05-2026 23:54:30 SGT - evaluation - INFO -         Evaluating Model Pipeline        
08-05-2026 23:54:30 SGT - evaluation - INFO - =========================================
08-05-2026 23:54:30 SGT - evaluation - INFO - Resolved evaluation alias 'gbr' to 'GradientBoostingRegressor'.
08-05-2026 23:54:30 SGT - evaluation - INFO - Targeting custom CLI model: models/gradientboostingregressor_model.pkl
08-05-2026 23:54:30 SGT - evaluation - INFO - Isolating train (80%) and test (20%) partitions for diagnostic evaluation.
08-05-2026 23:54:30 SGT - evaluation - INFO - Successfully deserialized model from models/gradientboostingregressor_model.pkl
08-05-2026 23:54:30 SGT - evaluation - INFO - Generating predictions for comparative metrics...
08-05-2026 23:54:30 SGT - evaluation - INFO - -----------------------------------------
08-05-2026 23:54:30 SGT - evaluation - INFO -         Training vs. Testing Metrics     
08-05-2026 23:54:30 SGT - evaluation - INFO - -----------------------------------------
08-05-2026 23:54:30 SGT - evaluation - INFO -    [TRAIN] RMSE: 8.0152 marks  |  [TEST] RMSE: 8.2750 marks
08-05-2026 23:54:30 SGT - evaluation - INFO -    [TRAIN] MAE:  6.2118 marks  |  [TEST] MAE:  6.3895 marks
08-05-2026 23:54:30 SGT - evaluation - INFO -    [TRAIN] R2:   0.6717        |  [TEST] R2:   0.6472
08-05-2026 23:54:30 SGT - evaluation - INFO - -----------------------------------------
08-05-2026 23:54:30 SGT - evaluation - INFO - ✅ Model generalization appears acceptable with no immediate evidence of severe overfitting (low variance between Train and Test performance).
08-05-2026 23:54:30 SGT - evaluation - INFO -    >>> Mean Prediction Error (Residual Mean): -0.1262 marks
08-05-2026 23:54:30 SGT - evaluation - INFO - ✅ Unbiased predictions: The error distribution is centered tightly around zero.
08-05-2026 23:54:30 SGT - evaluation - INFO - =========================================
08-05-2026 23:54:30 SGT - evaluation - INFO -        Feature Importance Analysis       
08-05-2026 23:54:30 SGT - evaluation - INFO - =========================================
08-05-2026 23:54:30 SGT - evaluation - INFO - Relative influence of factors on student final score:
08-05-2026 23:54:30 SGT - evaluation - INFO -    1. number_of_siblings        :  31.09%
08-05-2026 23:54:30 SGT - evaluation - INFO -    2. hours_per_week            :  19.43%
08-05-2026 23:54:30 SGT - evaluation - INFO -    3. attendance_rate           :  13.80%
08-05-2026 23:54:30 SGT - evaluation - INFO -    4. CCA_None                  :  11.21%
08-05-2026 23:54:30 SGT - evaluation - INFO -    5. direct_admission_Yes      :   9.67%
08-05-2026 23:54:30 SGT - evaluation - INFO -    6. tuition_Yes               :   6.93%
08-05-2026 23:54:30 SGT - evaluation - INFO -    7. learning_style_Visual     :   5.33%
08-05-2026 23:54:30 SGT - evaluation - INFO -    8. n_male                    :   2.28%
08-05-2026 23:54:30 SGT - evaluation - INFO -    9. sleep_duration            :   0.10%
08-05-2026 23:54:30 SGT - evaluation - INFO -    10. gender_Male               :   0.08%
08-05-2026 23:54:30 SGT - evaluation - INFO -    11. age                       :   0.04%
08-05-2026 23:54:30 SGT - evaluation - INFO -    12. CCA_Clubs                 :   0.02%
08-05-2026 23:54:30 SGT - evaluation - INFO -    13. CCA_Sports                :   0.01%
08-05-2026 23:55:04 SGT - preprocessing - INFO - =========================================
08-05-2026 23:55:04 SGT - preprocessing - INFO -    Starting Data Preprocessing Pipeline  
08-05-2026 23:55:04 SGT - preprocessing - INFO - =========================================
08-05-2026 23:55:05 SGT - preprocessing - INFO - Starting data preprocessing...
08-05-2026 23:55:05 SGT - preprocessing - WARNING - Dropped 495 rows missing the target column 'final_test'.
08-05-2026 23:55:05 SGT - preprocessing - INFO - Dropping columns: ['student_id', 'bag_color', 'mode_of_transport', 'n_female', 'index']
08-05-2026 23:55:05 SGT - preprocessing - INFO - Imputed 757 missing values in 'attendance_rate' using median: 95.0
08-05-2026 23:55:05 SGT - preprocessing - INFO - Standardizing categorical representations for 'tuition'.
08-05-2026 23:55:05 SGT - preprocessing - INFO - Standardizing categorical representations for 'CCA'...
08-05-2026 23:55:05 SGT - preprocessing - INFO - Normalizing null and missing string variations to 'None'.
08-05-2026 23:55:05 SGT - preprocessing - INFO - Engineering feature: 'sleep_duration' from raw sleep/wake timestamps.
08-05-2026 23:55:05 SGT - preprocessing - INFO - Applying missing numerical value imputation strategy: 'median'
08-05-2026 23:55:05 SGT - preprocessing - INFO - Data preprocessing finished successfully.
08-05-2026 23:55:05 SGT - preprocessing - INFO - Cleaned dataset saved successfully to: data/cleaned_score.csv
08-05-2026 23:55:13 SGT - train - INFO - =========================================
08-05-2026 23:55:13 SGT - train - INFO -          Starting Model Training         
08-05-2026 23:55:13 SGT - train - INFO - =========================================
08-05-2026 23:55:20 SGT - train - INFO - =========================================
08-05-2026 23:55:20 SGT - train - INFO -          Starting Model Training         
08-05-2026 23:55:20 SGT - train - INFO - =========================================
08-05-2026 23:55:20 SGT - train - INFO - Resolved command-line alias 'rf' to 'RandomForestRegressor'.
08-05-2026 23:55:20 SGT - train - INFO - CLI model matches config. Using parameters from config.json: {'n_estimators': 200, 'max_depth': 10, 'min_samples_leaf': 5, 'min_samples_split': 10, 'random_state': 42}
08-05-2026 23:55:20 SGT - train - INFO - Loading cleaned dataset from: data/cleaned_score.csv
08-05-2026 23:55:20 SGT - train - INFO - Dynamic categorical features detected: ['direct_admission', 'CCA', 'learning_style', 'gender', 'tuition']
08-05-2026 23:55:20 SGT - train - INFO - Dynamically instantiating RandomForestRegressor with parameters: {'n_estimators': 200, 'max_depth': 10, 'min_samples_leaf': 5, 'min_samples_split': 10, 'random_state': 42}
08-05-2026 23:55:20 SGT - train - INFO - Splitting dataset into 80% train and 20% test sets.
08-05-2026 23:55:20 SGT - train - INFO - Fitting RandomForestRegressor model pipeline on training features...
08-05-2026 23:55:22 SGT - train - INFO - Model pipeline fit completed successfully.
08-05-2026 23:55:22 SGT - train - INFO - Trained model serialized and saved to: models/randomforestregressor_model.pkl
08-05-2026 23:55:30 SGT - evaluation - INFO - =========================================
08-05-2026 23:55:30 SGT - evaluation - INFO -         Evaluating Model Pipeline        
08-05-2026 23:55:30 SGT - evaluation - INFO - =========================================
08-05-2026 23:55:30 SGT - evaluation - INFO - Resolved evaluation alias 'rf' to 'RandomForestRegressor'.
08-05-2026 23:55:30 SGT - evaluation - INFO - Targeting custom CLI model: models/randomforestregressor_model.pkl
08-05-2026 23:55:30 SGT - evaluation - INFO - Isolating train (80%) and test (20%) partitions for diagnostic evaluation.
08-05-2026 23:55:30 SGT - evaluation - INFO - Successfully deserialized model from models/randomforestregressor_model.pkl
08-05-2026 23:55:30 SGT - evaluation - INFO - Generating predictions for comparative metrics...
08-05-2026 23:55:30 SGT - evaluation - INFO - -----------------------------------------
08-05-2026 23:55:30 SGT - evaluation - INFO -         Training vs. Testing Metrics     
08-05-2026 23:55:30 SGT - evaluation - INFO - -----------------------------------------
08-05-2026 23:55:30 SGT - evaluation - INFO -    [TRAIN] RMSE: 7.1560 marks  |  [TEST] RMSE: 7.9083 marks
08-05-2026 23:55:30 SGT - evaluation - INFO -    [TRAIN] MAE:  5.3358 marks  |  [TEST] MAE:  5.8300 marks
08-05-2026 23:55:30 SGT - evaluation - INFO -    [TRAIN] R2:   0.7383        |  [TEST] R2:   0.6778
08-05-2026 23:55:30 SGT - evaluation - INFO - -----------------------------------------
08-05-2026 23:55:30 SGT - evaluation - INFO - ✅ Model generalization appears acceptable with no immediate evidence of severe overfitting (low variance between Train and Test performance).
08-05-2026 23:55:30 SGT - evaluation - INFO -    >>> Mean Prediction Error (Residual Mean): -0.1446 marks
08-05-2026 23:55:30 SGT - evaluation - INFO - ✅ Unbiased predictions: The error distribution is centered tightly around zero.
08-05-2026 23:55:30 SGT - evaluation - INFO - =========================================
08-05-2026 23:55:30 SGT - evaluation - INFO -        Feature Importance Analysis       
08-05-2026 23:55:30 SGT - evaluation - INFO - =========================================
08-05-2026 23:55:30 SGT - evaluation - INFO - Relative influence of factors on student final score:
08-05-2026 23:55:30 SGT - evaluation - INFO -    1. number_of_siblings        :  32.67%
08-05-2026 23:55:30 SGT - evaluation - INFO -    2. hours_per_week            :  19.21%
08-05-2026 23:55:30 SGT - evaluation - INFO -    3. attendance_rate           :  15.20%
08-05-2026 23:55:30 SGT - evaluation - INFO -    4. direct_admission_Yes      :  11.34%
08-05-2026 23:55:30 SGT - evaluation - INFO -    5. CCA_None                  :   6.45%
08-05-2026 23:55:30 SGT - evaluation - INFO -    6. learning_style_Visual     :   5.07%
08-05-2026 23:55:30 SGT - evaluation - INFO -    7. tuition_Yes               :   4.95%
08-05-2026 23:55:30 SGT - evaluation - INFO -    8. n_male                    :   3.86%
08-05-2026 23:55:30 SGT - evaluation - INFO -    9. gender_Male               :   0.38%
08-05-2026 23:55:30 SGT - evaluation - INFO -    10. age                       :   0.36%
08-05-2026 23:55:30 SGT - evaluation - INFO -    11. CCA_Clubs                 :   0.26%
08-05-2026 23:55:30 SGT - evaluation - INFO -    12. CCA_Sports                :   0.18%
08-05-2026 23:55:30 SGT - evaluation - INFO -    13. sleep_duration            :   0.08%
